<?xml version="1.0" encoding="UTF-8"?>
<testsuite xmlns:xsi="http://www.w3.org/2001/XMLSchema-instance" xsi:noNamespaceSchemaLocation="https://maven.apache.org/surefire/maven-surefire-plugin/xsd/surefire-test-report.xsd" version="3.0.1" name="TestSuite" time="29.09" tests="17" errors="0" skipped="0" failures="0">
  <properties>
    <property name="java.specification.version" value="17"/>
    <property name="sun.cpu.isalist" value="amd64"/>
    <property name="sun.jnu.encoding" value="Cp1252"/>
    <property name="java.class.path" value="C:\Users\Subhash K\eclipse-workspace\RestAssuredPetstoreAutomation\target\test-classes;C:\Users\Subhash K\eclipse-workspace\RestAssuredPetstoreAutomation\target\classes;C:\Users\Subhash K\.m2\repository\io\rest-assured\rest-assured\5.4.0\rest-assured-5.4.0.jar;C:\Users\Subhash K\.m2\repository\org\apache\groovy\groovy\4.0.16\groovy-4.0.16.jar;C:\Users\Subhash K\.m2\repository\org\apache\groovy\groovy-xml\4.0.16\groovy-xml-4.0.16.jar;C:\Users\Subhash K\.m2\repository\org\apache\httpcomponents\httpclient\4.5.13\httpclient-4.5.13.jar;C:\Users\Subhash K\.m2\repository\org\apache\httpcomponents\httpcore\4.4.13\httpcore-4.4.13.jar;C:\Users\Subhash K\.m2\repository\commons-logging\commons-logging\1.2\commons-logging-1.2.jar;C:\Users\Subhash K\.m2\repository\org\apache\httpcomponents\httpmime\4.5.13\httpmime-4.5.13.jar;C:\Users\Subhash K\.m2\repository\org\hamcrest\hamcrest\2.2\hamcrest-2.2.jar;C:\Users\Subhash K\.m2\repository\org\ccil\cowan\tagsoup\tagsoup\1.2.1\tagsoup-1.2.1.jar;C:\Users\Subhash K\.m2\repository\io\rest-assured\xml-path\5.4.0\xml-path-5.4.0.jar;C:\Users\Subhash K\.m2\repository\org\projectlombok\lombok\1.18.28\lombok-1.18.28.jar;C:\Users\Subhash K\.m2\repository\io\rest-assured\json-path\5.4.0\json-path-5.4.0.jar;C:\Users\Subhash K\.m2\repository\org\apache\groovy\groovy-json\4.0.16\groovy-json-4.0.16.jar;C:\Users\Subhash K\.m2\repository\io\rest-assured\rest-assured-common\5.4.0\rest-assured-common-5.4.0.jar;C:\Users\Subhash K\.m2\repository\io\rest-assured\json-schema-validator\5.4.0\json-schema-validator-5.4.0.jar;C:\Users\Subhash K\.m2\repository\com\github\java-json-tools\json-schema-validator\2.2.14\json-schema-validator-2.2.14.jar;C:\Users\Subhash K\.m2\repository\com\github\java-json-tools\jackson-coreutils-equivalence\1.0\jackson-coreutils-equivalence-1.0.jar;C:\Users\Subhash K\.m2\repository\com\github\java-json-tools\jackson-coreutils\2.0\jackson-coreutils-2.0.jar;C:\Users\Subhash K\.m2\repository\com\github\java-json-tools\msg-simple\1.2\msg-simple-1.2.jar;C:\Users\Subhash K\.m2\repository\com\github\java-json-tools\btf\1.3\btf-1.3.jar;C:\Users\Subhash K\.m2\repository\com\github\java-json-tools\json-schema-core\1.2.14\json-schema-core-1.2.14.jar;C:\Users\Subhash K\.m2\repository\com\github\java-json-tools\uri-template\0.10\uri-template-0.10.jar;C:\Users\Subhash K\.m2\repository\org\mozilla\rhino\1.7.7.2\rhino-1.7.7.2.jar;C:\Users\Subhash K\.m2\repository\com\sun\mail\mailapi\1.6.2\mailapi-1.6.2.jar;C:\Users\Subhash K\.m2\repository\joda-time\joda-time\2.10.5\joda-time-2.10.5.jar;C:\Users\Subhash K\.m2\repository\com\googlecode\libphonenumber\libphonenumber\8.11.1\libphonenumber-8.11.1.jar;C:\Users\Subhash K\.m2\repository\com\google\code\findbugs\jsr305\3.0.2\jsr305-3.0.2.jar;C:\Users\Subhash K\.m2\repository\net\sf\jopt-simple\jopt-simple\5.0.4\jopt-simple-5.0.4.jar;C:\Users\Subhash K\.m2\repository\com\google\guava\guava\32.0.1-jre\guava-32.0.1-jre.jar;C:\Users\Subhash K\.m2\repository\com\google\guava\failureaccess\1.0.1\failureaccess-1.0.1.jar;C:\Users\Subhash K\.m2\repository\com\google\guava\listenablefuture\9999.0-empty-to-avoid-conflict-with-guava\listenablefuture-9999.0-empty-to-avoid-conflict-with-guava.jar;C:\Users\Subhash K\.m2\repository\org\checkerframework\checker-qual\3.33.0\checker-qual-3.33.0.jar;C:\Users\Subhash K\.m2\repository\com\google\errorprone\error_prone_annotations\2.18.0\error_prone_annotations-2.18.0.jar;C:\Users\Subhash K\.m2\repository\com\google\j2objc\j2objc-annotations\2.8\j2objc-annotations-2.8.jar;C:\Users\Subhash K\.m2\repository\org\testng\testng\7.7.1\testng-7.7.1.jar;C:\Users\Subhash K\.m2\repository\org\slf4j\slf4j-api\1.7.36\slf4j-api-1.7.36.jar;C:\Users\Subhash K\.m2\repository\com\beust\jcommander\1.82\jcommander-1.82.jar;C:\Users\Subhash K\.m2\repository\org\webjars\jquery\3.6.1\jquery-3.6.1.jar;C:\Users\Subhash K\.m2\repository\com\github\scribejava\scribejava-apis\6.9.0\scribejava-apis-6.9.0.jar;C:\Users\Subhash K\.m2\repository\com\github\scribejava\scribejava-core\6.9.0\scribejava-core-6.9.0.jar;C:\Users\Subhash K\.m2\repository\org\json\json\20231013\json-20231013.jar;C:\Users\Subhash K\.m2\repository\com\fasterxml\jackson\core\jackson-databind\2.17.0\jackson-databind-2.17.0.jar;C:\Users\Subhash K\.m2\repository\com\fasterxml\jackson\core\jackson-annotations\2.17.0\jackson-annotations-2.17.0.jar;C:\Users\Subhash K\.m2\repository\com\fasterxml\jackson\core\jackson-core\2.17.0\jackson-core-2.17.0.jar;C:\Users\Subhash K\.m2\repository\net\bytebuddy\byte-buddy\1.14.9\byte-buddy-1.14.9.jar;C:\Users\Subhash K\.m2\repository\com\aventstack\extentreports\5.0.9\extentreports-5.0.9.jar;C:\Users\Subhash K\.m2\repository\io\reactivex\rxjava3\rxjava\3.0.4\rxjava-3.0.4.jar;C:\Users\Subhash K\.m2\repository\org\reactivestreams\reactive-streams\1.0.3\reactive-streams-1.0.3.jar;C:\Users\Subhash K\.m2\repository\org\freemarker\freemarker\2.3.30\freemarker-2.3.30.jar;C:\Users\Subhash K\.m2\repository\com\google\code\gson\gson\2.8.6\gson-2.8.6.jar;C:\Users\Subhash K\.m2\repository\com\github\javafaker\javafaker\1.0.2\javafaker-1.0.2.jar;C:\Users\Subhash K\.m2\repository\org\apache\commons\commons-lang3\3.5\commons-lang3-3.5.jar;C:\Users\Subhash K\.m2\repository\org\yaml\snakeyaml\1.23\snakeyaml-1.23-android.jar;C:\Users\Subhash K\.m2\repository\com\github\mifmif\generex\1.0.2\generex-1.0.2.jar;C:\Users\Subhash K\.m2\repository\dk\brics\automaton\automaton\1.11-8\automaton-1.11-8.jar;C:\Users\Subhash K\.m2\repository\org\apache\poi\poi\5.2.3\poi-5.2.3.jar;C:\Users\Subhash K\.m2\repository\commons-codec\commons-codec\1.15\commons-codec-1.15.jar;C:\Users\Subhash K\.m2\repository\org\apache\commons\commons-math3\3.6.1\commons-math3-3.6.1.jar;C:\Users\Subhash K\.m2\repository\commons-io\commons-io\2.11.0\commons-io-2.11.0.jar;C:\Users\Subhash K\.m2\repository\com\zaxxer\SparseBitSet\1.2\SparseBitSet-1.2.jar;C:\Users\Subhash K\.m2\repository\org\apache\poi\poi-ooxml\5.2.3\poi-ooxml-5.2.3.jar;C:\Users\Subhash K\.m2\repository\org\apache\poi\poi-ooxml-lite\5.2.3\poi-ooxml-lite-5.2.3.jar;C:\Users\Subhash K\.m2\repository\org\apache\commons\commons-compress\1.21\commons-compress-1.21.jar;C:\Users\Subhash K\.m2\repository\com\github\virtuald\curvesapi\1.07\curvesapi-1.07.jar;C:\Users\Subhash K\.m2\repository\org\apache\poi\poi-ooxml-schemas\4.1.2\poi-ooxml-schemas-4.1.2.jar;C:\Users\Subhash K\.m2\repository\org\apache\commons\commons-collections4\4.4\commons-collections4-4.4.jar;C:\Users\Subhash K\.m2\repository\org\apache\xmlbeans\xmlbeans\5.1.1\xmlbeans-5.1.1.jar;C:\Users\Subhash K\.m2\repository\org\apache\logging\log4j\log4j-api\2.23.1\log4j-api-2.23.1.jar;C:\Users\Subhash K\.m2\repository\org\apache\logging\log4j\log4j-core\2.23.1\log4j-core-2.23.1.jar;"/>
    <property name="java.vm.vendor" value="Oracle Corporation"/>
    <property name="sun.arch.data.model" value="64"/>
    <property name="user.variant" value=""/>
    <property name="java.vendor.url" value="https://java.oracle.com/"/>
    <property name="user.timezone" value="Asia/Calcutta"/>
    <property name="os.name" value="Windows 11"/>
    <property name="java.vm.specification.version" value="17"/>
    <property name="sun.java.launcher" value="SUN_STANDARD"/>
    <property name="user.country" value="IN"/>
    <property name="sun.boot.library.path" value="C:\Program Files\Java\jdk-17.0.5\bin"/>
    <property name="sun.java.command" value="C:\Users\Subhash K\AppData\Local\Temp\surefire309922853235505212\surefirebooter-20240705230620290_3.jar C:\Users\Subhash K\AppData\Local\Temp\surefire309922853235505212 2024-07-05T23-06-19_708-jvmRun1 surefire-20240705230620290_1tmp surefire_0-20240705230620290_2tmp"/>
    <property name="jdk.debug" value="release"/>
    <property name="surefire.test.class.path" value="C:\Users\Subhash K\eclipse-workspace\RestAssuredPetstoreAutomation\target\test-classes;C:\Users\Subhash K\eclipse-workspace\RestAssuredPetstoreAutomation\target\classes;C:\Users\Subhash K\.m2\repository\io\rest-assured\rest-assured\5.4.0\rest-assured-5.4.0.jar;C:\Users\Subhash K\.m2\repository\org\apache\groovy\groovy\4.0.16\groovy-4.0.16.jar;C:\Users\Subhash K\.m2\repository\org\apache\groovy\groovy-xml\4.0.16\groovy-xml-4.0.16.jar;C:\Users\Subhash K\.m2\repository\org\apache\httpcomponents\httpclient\4.5.13\httpclient-4.5.13.jar;C:\Users\Subhash K\.m2\repository\org\apache\httpcomponents\httpcore\4.4.13\httpcore-4.4.13.jar;C:\Users\Subhash K\.m2\repository\commons-logging\commons-logging\1.2\commons-logging-1.2.jar;C:\Users\Subhash K\.m2\repository\org\apache\httpcomponents\httpmime\4.5.13\httpmime-4.5.13.jar;C:\Users\Subhash K\.m2\repository\org\hamcrest\hamcrest\2.2\hamcrest-2.2.jar;C:\Users\Subhash K\.m2\repository\org\ccil\cowan\tagsoup\tagsoup\1.2.1\tagsoup-1.2.1.jar;C:\Users\Subhash K\.m2\repository\io\rest-assured\xml-path\5.4.0\xml-path-5.4.0.jar;C:\Users\Subhash K\.m2\repository\org\projectlombok\lombok\1.18.28\lombok-1.18.28.jar;C:\Users\Subhash K\.m2\repository\io\rest-assured\json-path\5.4.0\json-path-5.4.0.jar;C:\Users\Subhash K\.m2\repository\org\apache\groovy\groovy-json\4.0.16\groovy-json-4.0.16.jar;C:\Users\Subhash K\.m2\repository\io\rest-assured\rest-assured-common\5.4.0\rest-assured-common-5.4.0.jar;C:\Users\Subhash K\.m2\repository\io\rest-assured\json-schema-validator\5.4.0\json-schema-validator-5.4.0.jar;C:\Users\Subhash K\.m2\repository\com\github\java-json-tools\json-schema-validator\2.2.14\json-schema-validator-2.2.14.jar;C:\Users\Subhash K\.m2\repository\com\github\java-json-tools\jackson-coreutils-equivalence\1.0\jackson-coreutils-equivalence-1.0.jar;C:\Users\Subhash K\.m2\repository\com\github\java-json-tools\jackson-coreutils\2.0\jackson-coreutils-2.0.jar;C:\Users\Subhash K\.m2\repository\com\github\java-json-tools\msg-simple\1.2\msg-simple-1.2.jar;C:\Users\Subhash K\.m2\repository\com\github\java-json-tools\btf\1.3\btf-1.3.jar;C:\Users\Subhash K\.m2\repository\com\github\java-json-tools\json-schema-core\1.2.14\json-schema-core-1.2.14.jar;C:\Users\Subhash K\.m2\repository\com\github\java-json-tools\uri-template\0.10\uri-template-0.10.jar;C:\Users\Subhash K\.m2\repository\org\mozilla\rhino\1.7.7.2\rhino-1.7.7.2.jar;C:\Users\Subhash K\.m2\repository\com\sun\mail\mailapi\1.6.2\mailapi-1.6.2.jar;C:\Users\Subhash K\.m2\repository\joda-time\joda-time\2.10.5\joda-time-2.10.5.jar;C:\Users\Subhash K\.m2\repository\com\googlecode\libphonenumber\libphonenumber\8.11.1\libphonenumber-8.11.1.jar;C:\Users\Subhash K\.m2\repository\com\google\code\findbugs\jsr305\3.0.2\jsr305-3.0.2.jar;C:\Users\Subhash K\.m2\repository\net\sf\jopt-simple\jopt-simple\5.0.4\jopt-simple-5.0.4.jar;C:\Users\Subhash K\.m2\repository\com\google\guava\guava\32.0.1-jre\guava-32.0.1-jre.jar;C:\Users\Subhash K\.m2\repository\com\google\guava\failureaccess\1.0.1\failureaccess-1.0.1.jar;C:\Users\Subhash K\.m2\repository\com\google\guava\listenablefuture\9999.0-empty-to-avoid-conflict-with-guava\listenablefuture-9999.0-empty-to-avoid-conflict-with-guava.jar;C:\Users\Subhash K\.m2\repository\org\checkerframework\checker-qual\3.33.0\checker-qual-3.33.0.jar;C:\Users\Subhash K\.m2\repository\com\google\errorprone\error_prone_annotations\2.18.0\error_prone_annotations-2.18.0.jar;C:\Users\Subhash K\.m2\repository\com\google\j2objc\j2objc-annotations\2.8\j2objc-annotations-2.8.jar;C:\Users\Subhash K\.m2\repository\org\testng\testng\7.7.1\testng-7.7.1.jar;C:\Users\Subhash K\.m2\repository\org\slf4j\slf4j-api\1.7.36\slf4j-api-1.7.36.jar;C:\Users\Subhash K\.m2\repository\com\beust\jcommander\1.82\jcommander-1.82.jar;C:\Users\Subhash K\.m2\repository\org\webjars\jquery\3.6.1\jquery-3.6.1.jar;C:\Users\Subhash K\.m2\repository\com\github\scribejava\scribejava-apis\6.9.0\scribejava-apis-6.9.0.jar;C:\Users\Subhash K\.m2\repository\com\github\scribejava\scribejava-core\6.9.0\scribejava-core-6.9.0.jar;C:\Users\Subhash K\.m2\repository\org\json\json\20231013\json-20231013.jar;C:\Users\Subhash K\.m2\repository\com\fasterxml\jackson\core\jackson-databind\2.17.0\jackson-databind-2.17.0.jar;C:\Users\Subhash K\.m2\repository\com\fasterxml\jackson\core\jackson-annotations\2.17.0\jackson-annotations-2.17.0.jar;C:\Users\Subhash K\.m2\repository\com\fasterxml\jackson\core\jackson-core\2.17.0\jackson-core-2.17.0.jar;C:\Users\Subhash K\.m2\repository\net\bytebuddy\byte-buddy\1.14.9\byte-buddy-1.14.9.jar;C:\Users\Subhash K\.m2\repository\com\aventstack\extentreports\5.0.9\extentreports-5.0.9.jar;C:\Users\Subhash K\.m2\repository\io\reactivex\rxjava3\rxjava\3.0.4\rxjava-3.0.4.jar;C:\Users\Subhash K\.m2\repository\org\reactivestreams\reactive-streams\1.0.3\reactive-streams-1.0.3.jar;C:\Users\Subhash K\.m2\repository\org\freemarker\freemarker\2.3.30\freemarker-2.3.30.jar;C:\Users\Subhash K\.m2\repository\com\google\code\gson\gson\2.8.6\gson-2.8.6.jar;C:\Users\Subhash K\.m2\repository\com\github\javafaker\javafaker\1.0.2\javafaker-1.0.2.jar;C:\Users\Subhash K\.m2\repository\org\apache\commons\commons-lang3\3.5\commons-lang3-3.5.jar;C:\Users\Subhash K\.m2\repository\org\yaml\snakeyaml\1.23\snakeyaml-1.23-android.jar;C:\Users\Subhash K\.m2\repository\com\github\mifmif\generex\1.0.2\generex-1.0.2.jar;C:\Users\Subhash K\.m2\repository\dk\brics\automaton\automaton\1.11-8\automaton-1.11-8.jar;C:\Users\Subhash K\.m2\repository\org\apache\poi\poi\5.2.3\poi-5.2.3.jar;C:\Users\Subhash K\.m2\repository\commons-codec\commons-codec\1.15\commons-codec-1.15.jar;C:\Users\Subhash K\.m2\repository\org\apache\commons\commons-math3\3.6.1\commons-math3-3.6.1.jar;C:\Users\Subhash K\.m2\repository\commons-io\commons-io\2.11.0\commons-io-2.11.0.jar;C:\Users\Subhash K\.m2\repository\com\zaxxer\SparseBitSet\1.2\SparseBitSet-1.2.jar;C:\Users\Subhash K\.m2\repository\org\apache\poi\poi-ooxml\5.2.3\poi-ooxml-5.2.3.jar;C:\Users\Subhash K\.m2\repository\org\apache\poi\poi-ooxml-lite\5.2.3\poi-ooxml-lite-5.2.3.jar;C:\Users\Subhash K\.m2\repository\org\apache\commons\commons-compress\1.21\commons-compress-1.21.jar;C:\Users\Subhash K\.m2\repository\com\github\virtuald\curvesapi\1.07\curvesapi-1.07.jar;C:\Users\Subhash K\.m2\repository\org\apache\poi\poi-ooxml-schemas\4.1.2\poi-ooxml-schemas-4.1.2.jar;C:\Users\Subhash K\.m2\repository\org\apache\commons\commons-collections4\4.4\commons-collections4-4.4.jar;C:\Users\Subhash K\.m2\repository\org\apache\xmlbeans\xmlbeans\5.1.1\xmlbeans-5.1.1.jar;C:\Users\Subhash K\.m2\repository\org\apache\logging\log4j\log4j-api\2.23.1\log4j-api-2.23.1.jar;C:\Users\Subhash K\.m2\repository\org\apache\logging\log4j\log4j-core\2.23.1\log4j-core-2.23.1.jar;"/>
    <property name="sun.cpu.endian" value="little"/>
    <property name="user.home" value="C:\Users\Subhash K"/>
    <property name="user.language" value="en"/>
    <property name="java.specification.vendor" value="Oracle Corporation"/>
    <property name="java.version.date" value="2022-10-18"/>
    <property name="java.home" value="C:\Program Files\Java\jdk-17.0.5"/>
    <property name="file.separator" value="\"/>
    <property name="basedir" value="C:\Users\Subhash K\eclipse-workspace\RestAssuredPetstoreAutomation"/>
    <property name="java.vm.compressedOopsMode" value="32-bit"/>
    <property name="line.separator" value="&#10;"/>
    <property name="java.vm.specification.vendor" value="Oracle Corporation"/>
    <property name="java.specification.name" value="Java Platform API Specification"/>
    <property name="surefire.real.class.path" value="C:\Users\Subhash K\AppData\Local\Temp\surefire309922853235505212\surefirebooter-20240705230620290_3.jar"/>
    <property name="user.script" value=""/>
    <property name="sun.management.compiler" value="HotSpot 64-Bit Tiered Compilers"/>
    <property name="java.runtime.version" value="17.0.5+9-LTS-191"/>
    <property name="user.name" value="Subhash K"/>
    <property name="path.separator" value=";"/>
    <property name="os.version" value="10.0"/>
    <property name="java.runtime.name" value="Java(TM) SE Runtime Environment"/>
    <property name="file.encoding" value="Cp1252"/>
    <property name="java.vm.name" value="Java HotSpot(TM) 64-Bit Server VM"/>
    <property name="localRepository" value="C:\Users\Subhash K\.m2\repository"/>
    <property name="java.vendor.url.bug" value="https://bugreport.java.com/bugreport/"/>
    <property name="java.io.tmpdir" value="C:\Users\SUBHAS~1\AppData\Local\Temp\"/>
    <property name="java.version" value="17.0.5"/>
    <property name="user.dir" value="C:\Users\Subhash K\eclipse-workspace\RestAssuredPetstoreAutomation"/>
    <property name="os.arch" value="amd64"/>
    <property name="java.vm.specification.name" value="Java Virtual Machine Specification"/>
    <property name="sun.os.patch.level" value=""/>
    <property name="native.encoding" value="Cp1252"/>
    <property name="java.library.path" value="C:\Program Files\Java\jdk-17.0.5\bin;C:\WINDOWS\Sun\Java\bin;C:\WINDOWS\system32;C:\WINDOWS;C:\Program Files\Common Files\Oracle\Java\javapath;C:\Program Files (x86)\Intel\Intel(R) Management Engine Components\iCLS\;C:\Program Files\Intel\Intel(R) Management Engine Components\iCLS\;C:\WINDOWS\system32;C:\WINDOWS;C:\WINDOWS\System32\Wbem;C:\WINDOWS\System32\WindowsPowerShell\v1.0\;C:\WINDOWS\System32\OpenSSH\;C:\Program Files (x86)\Intel\Intel(R) Management Engine Components\DAL;C:\Program Files\Intel\Intel(R) Management Engine Components\DAL;C:\Program Files (x86)\Intel\Intel(R) Management Engine Components\IPT;C:\Program Files\Intel\Intel(R) Management Engine Components\IPT;C:\Program Files\MySQL\MySQL Server 8.0\bin;C:\Program Files\Java\jdk-17.0.5\bin;C:\Program Files\apache-maven-3.9.8\bin;C:\Program Files\Git\cmd;C:\Program Files\Docker\Docker\resources\bin;C:\Program Files\nodejs\;C:\Users\Subhash K\AppData\Roaming\npm;C:\Program Files\apache-maven-3.9.8;C:\Program Files\MySQL\MySQL Shell 8.0\bin\;C:\Users\Subhash K\AppData\Local\Microsoft\WindowsApps;C:\Program Files\Java\jdk-17.0.5\bin;C:\Program Files\apache-maven-3.9.8\bin;C:\Users\Subhash K\AppData\Local\Programs\Microsoft VS Code\bin;C:\Program Files\nodejs\;C:\Users\Subhash K\AppData\Roaming\npm;;."/>
    <property name="java.vm.info" value="mixed mode, sharing"/>
    <property name="java.vendor" value="Oracle Corporation"/>
    <property name="java.vm.version" value="17.0.5+9-LTS-191"/>
    <property name="sun.io.unicode.encoding" value="UnicodeLittle"/>
    <property name="java.class.version" value="61.0"/>
  </properties>
  <testcase name="test_postUsers[85777802, Ernie, Pacocha, sammie.wunsch, hal.kozey@example.com, leg0uww0uxtd, 716-721-7184](1)" classname="api.test.DataDrivenTests" time="3.836">
    <system-out><![CDATA[23:06:22.936 [main] DEBUG org.apache.poi.openxml4j.opc.PackageRelationshipCollection - Parsing relationship: /xl/_rels/workbook.xml.rels
23:06:22.952 [main] DEBUG org.apache.poi.openxml4j.opc.PackageRelationshipCollection - Parsing relationship: /_rels/.rels
23:06:23.155 [main] TRACE org.apache.xmlbeans.impl.common.XBeanDebug - Loading type system org.apache.poi.schemas.ooxml.system.ooxml
23:06:23.155 [main] TRACE org.apache.xmlbeans.impl.common.XBeanDebug - Loading type system org.apache.xmlbeans.metadata.system.sXMLCONFIG
23:06:23.155 [main] TRACE org.apache.xmlbeans.impl.common.XBeanDebug - Loading type system org.apache.xmlbeans.metadata.system.sXMLLANG
23:06:23.155 [main] TRACE org.apache.xmlbeans.impl.common.XBeanDebug - Loading type system org.apache.xmlbeans.metadata.system.sXMLSCHEMA
23:06:23.155 [main] TRACE org.apache.xmlbeans.impl.common.XBeanDebug - Loading type system org.apache.xmlbeans.metadata.system.sXMLTOOLS
23:06:23.155 [main] TRACE org.apache.xmlbeans.impl.common.XBeanDebug - Reading unresolved handles for type system org.apache.xmlbeans.metadata.system.sXMLTOOLS
23:06:23.170 [main] TRACE org.apache.xmlbeans.impl.common.XBeanDebug - Finished loading type system org.apache.xmlbeans.metadata.system.sXMLTOOLS
23:06:23.170 [main] TRACE org.apache.xmlbeans.impl.common.XBeanDebug - Reading unresolved handles for type system org.apache.xmlbeans.metadata.system.sXMLSCHEMA
23:06:23.186 [main] TRACE org.apache.xmlbeans.impl.common.XBeanDebug - Finished loading type system org.apache.xmlbeans.metadata.system.sXMLSCHEMA
23:06:23.186 [main] TRACE org.apache.xmlbeans.impl.common.XBeanDebug - Reading unresolved handles for type system org.apache.xmlbeans.metadata.system.sXMLLANG
23:06:23.186 [main] TRACE org.apache.xmlbeans.impl.common.XBeanDebug - Finished loading type system org.apache.xmlbeans.metadata.system.sXMLLANG
23:06:23.186 [main] TRACE org.apache.xmlbeans.impl.common.XBeanDebug - Reading unresolved handles for type system org.apache.xmlbeans.metadata.system.sXMLCONFIG
23:06:23.186 [main] TRACE org.apache.xmlbeans.impl.common.XBeanDebug - Finished loading type system org.apache.xmlbeans.metadata.system.sXMLCONFIG
23:06:23.186 [main] TRACE org.apache.xmlbeans.impl.common.XBeanDebug - Reading unresolved handles for type system org.apache.poi.schemas.ooxml.system.ooxml
23:06:23.248 [main] TRACE org.apache.xmlbeans.impl.common.XBeanDebug - Finished loading type system org.apache.poi.schemas.ooxml.system.ooxml
23:06:23.248 [main] TRACE org.apache.xmlbeans.impl.common.XBeanDebug - Resolving type for handle themefd26doctype
23:06:23.326 [main] TRACE org.apache.xmlbeans.impl.common.XBeanDebug - Resolving type for handle stylesheet5d8bdoctype
23:06:23.326 [main] TRACE org.apache.xmlbeans.impl.common.XBeanDebug - Resolving type for handle ctstylesheet4257type
23:06:23.326 [main] TRACE org.apache.xmlbeans.impl.common.XBeanDebug - Resolving type for handle ctfonts6623type
23:06:23.342 [main] TRACE org.apache.xmlbeans.impl.common.XBeanDebug - Resolving type for handle ctfont14d8type
23:06:23.342 [main] TRACE org.apache.xmlbeans.impl.common.XBeanDebug - Resolving type for handle ctfills2c6ftype
23:06:23.342 [main] TRACE org.apache.xmlbeans.impl.common.XBeanDebug - Resolving type for handle ctfill550ctype
23:06:23.342 [main] TRACE org.apache.xmlbeans.impl.common.XBeanDebug - Resolving type for handle ctborders0d66type
23:06:23.342 [main] TRACE org.apache.xmlbeans.impl.common.XBeanDebug - Resolving type for handle ctborderf935type
23:06:23.358 [main] TRACE org.apache.xmlbeans.impl.common.XBeanDebug - Resolving type for handle ctcellxfs1322type
23:06:23.358 [main] TRACE org.apache.xmlbeans.impl.common.XBeanDebug - Resolving type for handle ctxf97f7type
23:06:23.358 [main] TRACE org.apache.xmlbeans.impl.common.XBeanDebug - Resolving type for handle ctcellstylexfsa81ftype
23:06:23.358 [main] TRACE org.apache.xmlbeans.impl.common.XBeanDebug - Resolving type for handle ctdxfsb26atype
23:06:23.358 [main] TRACE org.apache.xmlbeans.impl.common.XBeanDebug - Resolving type for handle cttablestyles872ftype
23:06:23.358 [main] TRACE org.apache.xmlbeans.impl.common.XBeanDebug - Resolving type for handle sstf81fdoctype
23:06:23.373 [main] TRACE org.apache.xmlbeans.impl.common.XBeanDebug - Resolving type for handle ctsst44f3type
23:06:23.373 [main] TRACE org.apache.xmlbeans.impl.common.XBeanDebug - Resolving type for handle ctrsta472type
23:06:23.389 [main] TRACE org.apache.xmlbeans.impl.common.XBeanDebug - Resolving type for handle workbookec17doctype
23:06:23.405 [main] TRACE org.apache.xmlbeans.impl.common.XBeanDebug - Resolving type for handle ctworkbook83c3type
23:06:23.405 [main] TRACE org.apache.xmlbeans.impl.common.XBeanDebug - Resolving type for handle ctsheets49fdtype
23:06:23.405 [main] TRACE org.apache.xmlbeans.impl.common.XBeanDebug - Resolving type for handle ctsheet4dbetype
23:06:23.420 [main] TRACE org.apache.xmlbeans.impl.common.XBeanDebug - Resolving type for handle strelationshipid1e94type
23:06:23.420 [main] TRACE org.apache.xmlbeans.impl.common.XBeanDebug - Resolving type for handle worksheetf539doctype
23:06:23.420 [main] TRACE org.apache.xmlbeans.impl.common.XBeanDebug - Resolving type for handle ctworksheet530dtype
23:06:23.436 [main] TRACE org.apache.xmlbeans.impl.common.XBeanDebug - Resolving type for handle ctsheetdata8408type
23:06:23.436 [main] TRACE org.apache.xmlbeans.impl.common.XBeanDebug - Resolving type for handle ctrowdd39type
23:06:23.436 [main] TRACE org.apache.xmlbeans.impl.common.XBeanDebug - Resolving type for handle ctcell842btype
23:06:23.436 [main] TRACE org.apache.xmlbeans.impl.common.XBeanDebug - Resolving type for handle stcellrefe4e0type
23:06:23.451 [main] TRACE org.apache.xmlbeans.impl.common.XBeanDebug - Resolving type for handle ctcols627ctype
23:06:23.451 [main] TRACE org.apache.xmlbeans.impl.common.XBeanDebug - Resolving type for handle ctcola95ftype
23:06:23.483 [main] TRACE org.apache.xmlbeans.impl.common.XBeanDebug - Resolving type for handle stxstringf179type
23:06:23.483 [main] DEBUG org.apache.poi.openxml4j.opc.PackageRelationshipCollection - Parsing relationship: /xl/_rels/workbook.xml.rels
23:06:23.483 [main] DEBUG org.apache.poi.openxml4j.opc.PackageRelationshipCollection - Parsing relationship: /_rels/.rels
23:06:23.543 [main] DEBUG org.apache.poi.openxml4j.opc.PackageRelationshipCollection - Parsing relationship: /xl/_rels/workbook.xml.rels
23:06:23.543 [main] DEBUG org.apache.poi.openxml4j.opc.PackageRelationshipCollection - Parsing relationship: /_rels/.rels
23:06:23.561 [main] TRACE org.apache.xmlbeans.impl.common.XBeanDebug - Resolving type for handle stcelltypebf95type
23:06:23.577 [main] TRACE org.apache.xmlbeans.impl.common.XBeanDebug - Resolving type for handle stcellstylexfid70c7type
23:06:23.577 [main] TRACE org.apache.xmlbeans.impl.common.XBeanDebug - Resolving type for handle stnumfmtid76fbtype
23:06:23.577 [main] TRACE org.apache.xmlbeans.impl.common.XBeanDebug - Resolving type for handle ctworkbookpr03a5type
23:06:23.592 [main] DEBUG org.apache.poi.openxml4j.opc.PackageRelationshipCollection - Parsing relationship: /xl/_rels/workbook.xml.rels
23:06:23.592 [main] DEBUG org.apache.poi.openxml4j.opc.PackageRelationshipCollection - Parsing relationship: /_rels/.rels
23:06:23.608 [main] DEBUG org.apache.poi.openxml4j.opc.PackageRelationshipCollection - Parsing relationship: /xl/_rels/workbook.xml.rels
23:06:23.608 [main] DEBUG org.apache.poi.openxml4j.opc.PackageRelationshipCollection - Parsing relationship: /_rels/.rels
23:06:23.639 [main] DEBUG org.apache.poi.openxml4j.opc.PackageRelationshipCollection - Parsing relationship: /xl/_rels/workbook.xml.rels
23:06:23.639 [main] DEBUG org.apache.poi.openxml4j.opc.PackageRelationshipCollection - Parsing relationship: /_rels/.rels
23:06:23.670 [main] DEBUG org.apache.poi.openxml4j.opc.PackageRelationshipCollection - Parsing relationship: /xl/_rels/workbook.xml.rels
23:06:23.670 [main] DEBUG org.apache.poi.openxml4j.opc.PackageRelationshipCollection - Parsing relationship: /_rels/.rels
23:06:23.686 [main] DEBUG org.apache.poi.openxml4j.opc.PackageRelationshipCollection - Parsing relationship: /xl/_rels/workbook.xml.rels
23:06:23.686 [main] DEBUG org.apache.poi.openxml4j.opc.PackageRelationshipCollection - Parsing relationship: /_rels/.rels
23:06:23.702 [main] DEBUG org.apache.poi.openxml4j.opc.PackageRelationshipCollection - Parsing relationship: /xl/_rels/workbook.xml.rels
23:06:23.702 [main] DEBUG org.apache.poi.openxml4j.opc.PackageRelationshipCollection - Parsing relationship: /_rels/.rels
23:06:23.733 [main] DEBUG org.apache.poi.openxml4j.opc.PackageRelationshipCollection - Parsing relationship: /xl/_rels/workbook.xml.rels
23:06:23.733 [main] DEBUG org.apache.poi.openxml4j.opc.PackageRelationshipCollection - Parsing relationship: /_rels/.rels
23:06:23.748 [main] DEBUG org.apache.poi.openxml4j.opc.PackageRelationshipCollection - Parsing relationship: /xl/_rels/workbook.xml.rels
23:06:23.748 [main] DEBUG org.apache.poi.openxml4j.opc.PackageRelationshipCollection - Parsing relationship: /_rels/.rels
23:06:23.764 [main] DEBUG org.apache.poi.openxml4j.opc.PackageRelationshipCollection - Parsing relationship: /xl/_rels/workbook.xml.rels
23:06:23.780 [main] DEBUG org.apache.poi.openxml4j.opc.PackageRelationshipCollection - Parsing relationship: /_rels/.rels
23:06:23.795 [main] DEBUG org.apache.poi.openxml4j.opc.PackageRelationshipCollection - Parsing relationship: /xl/_rels/workbook.xml.rels
23:06:23.795 [main] DEBUG org.apache.poi.openxml4j.opc.PackageRelationshipCollection - Parsing relationship: /_rels/.rels
23:06:23.811 [main] DEBUG org.apache.poi.openxml4j.opc.PackageRelationshipCollection - Parsing relationship: /xl/_rels/workbook.xml.rels
23:06:23.811 [main] DEBUG org.apache.poi.openxml4j.opc.PackageRelationshipCollection - Parsing relationship: /_rels/.rels
23:06:23.827 [main] DEBUG org.apache.poi.openxml4j.opc.PackageRelationshipCollection - Parsing relationship: /xl/_rels/workbook.xml.rels
23:06:23.827 [main] DEBUG org.apache.poi.openxml4j.opc.PackageRelationshipCollection - Parsing relationship: /_rels/.rels
23:06:23.842 [main] DEBUG org.apache.poi.openxml4j.opc.PackageRelationshipCollection - Parsing relationship: /xl/_rels/workbook.xml.rels
23:06:23.858 [main] DEBUG org.apache.poi.openxml4j.opc.PackageRelationshipCollection - Parsing relationship: /_rels/.rels
23:06:23.873 [main] DEBUG org.apache.poi.openxml4j.opc.PackageRelationshipCollection - Parsing relationship: /xl/_rels/workbook.xml.rels
23:06:23.873 [main] DEBUG org.apache.poi.openxml4j.opc.PackageRelationshipCollection - Parsing relationship: /_rels/.rels
23:06:23.889 [main] DEBUG org.apache.poi.openxml4j.opc.PackageRelationshipCollection - Parsing relationship: /xl/_rels/workbook.xml.rels
23:06:23.889 [main] DEBUG org.apache.poi.openxml4j.opc.PackageRelationshipCollection - Parsing relationship: /_rels/.rels
23:06:23.920 [main] DEBUG org.apache.poi.openxml4j.opc.PackageRelationshipCollection - Parsing relationship: /xl/_rels/workbook.xml.rels
23:06:23.920 [main] DEBUG org.apache.poi.openxml4j.opc.PackageRelationshipCollection - Parsing relationship: /_rels/.rels
23:06:23.936 [main] DEBUG org.apache.poi.openxml4j.opc.PackageRelationshipCollection - Parsing relationship: /xl/_rels/workbook.xml.rels
23:06:23.936 [main] DEBUG org.apache.poi.openxml4j.opc.PackageRelationshipCollection - Parsing relationship: /_rels/.rels
23:06:23.951 [main] DEBUG org.apache.poi.openxml4j.opc.PackageRelationshipCollection - Parsing relationship: /xl/_rels/workbook.xml.rels
23:06:23.951 [main] DEBUG org.apache.poi.openxml4j.opc.PackageRelationshipCollection - Parsing relationship: /_rels/.rels
23:06:23.967 [main] DEBUG org.apache.poi.openxml4j.opc.PackageRelationshipCollection - Parsing relationship: /xl/_rels/workbook.xml.rels
23:06:23.967 [main] DEBUG org.apache.poi.openxml4j.opc.PackageRelationshipCollection - Parsing relationship: /_rels/.rels
23:06:23.983 [main] DEBUG org.apache.poi.openxml4j.opc.PackageRelationshipCollection - Parsing relationship: /xl/_rels/workbook.xml.rels
23:06:23.983 [main] DEBUG org.apache.poi.openxml4j.opc.PackageRelationshipCollection - Parsing relationship: /_rels/.rels
HTTP/1.1 200 OK
Date: Fri, 05 Jul 2024 17:36:19 GMT
Content-Type: application/json
Transfer-Encoding: chunked
Connection: keep-alive
Access-Control-Allow-Origin: *
Access-Control-Allow-Methods: GET, POST, DELETE, PUT
Access-Control-Allow-Headers: Content-Type, api_key, Authorization
Server: Jetty(9.2.9.v20150224)

{
    "code": 200,
    "type": "unknown",
    "message": "85777802"
}
io.restassured.internal.ValidatableResponseImpl@52bba91a
]]></system-out>
    <system-err><![CDATA[SLF4J: Failed to load class "org.slf4j.impl.StaticLoggerBinder".
SLF4J: Defaulting to no-operation (NOP) logger implementation
SLF4J: See http://www.slf4j.org/codes.html#StaticLoggerBinder for further details.
]]></system-err>
  </testcase>
  <testcase name="test_postUsers[1046302571, Lucas, West, nolan.walter, leigh.purdy@example.com, xua7r61uge, (286) 902-3070](2)" classname="api.test.DataDrivenTests" time="1.906">
    <system-out><![CDATA[HTTP/1.1 200 OK
Date: Fri, 05 Jul 2024 17:36:20 GMT
Content-Type: application/json
Transfer-Encoding: chunked
Connection: keep-alive
Access-Control-Allow-Origin: *
Access-Control-Allow-Methods: GET, POST, DELETE, PUT
Access-Control-Allow-Headers: Content-Type, api_key, Authorization
Server: Jetty(9.2.9.v20150224)

{
    "code": 200,
    "type": "unknown",
    "message": "1046302571"
}
io.restassured.internal.ValidatableResponseImpl@91a2543
]]></system-out>
  </testcase>
  <testcase name="test_postUsers[949637154, Herma, Nitzsche, bernard.bahringer, federico.ryan@example.com, 75xz90qt106, 1-363-713-7752](3)" classname="api.test.DataDrivenTests" time="1.164">
    <system-out><![CDATA[HTTP/1.1 200 OK
Date: Fri, 05 Jul 2024 17:36:22 GMT
Content-Type: application/json
Transfer-Encoding: chunked
Connection: keep-alive
Access-Control-Allow-Origin: *
Access-Control-Allow-Methods: GET, POST, DELETE, PUT
Access-Control-Allow-Headers: Content-Type, api_key, Authorization
Server: Jetty(9.2.9.v20150224)

{
    "code": 200,
    "type": "unknown",
    "message": "949637154"
}
io.restassured.internal.ValidatableResponseImpl@439d545c
]]></system-out>
  </testcase>
  <testcase name="test_getUsers[sammie.wunsch](1)" classname="api.test.DataDrivenTests" time="1.156">
    <system-out><![CDATA[23:06:30.904 [main] DEBUG org.apache.poi.openxml4j.opc.PackageRelationshipCollection - Parsing relationship: /xl/_rels/workbook.xml.rels
23:06:30.904 [main] DEBUG org.apache.poi.openxml4j.opc.PackageRelationshipCollection - Parsing relationship: /_rels/.rels
23:06:30.935 [main] DEBUG org.apache.poi.openxml4j.opc.PackageRelationshipCollection - Parsing relationship: /xl/_rels/workbook.xml.rels
23:06:30.935 [main] DEBUG org.apache.poi.openxml4j.opc.PackageRelationshipCollection - Parsing relationship: /_rels/.rels
23:06:30.950 [main] DEBUG org.apache.poi.openxml4j.opc.PackageRelationshipCollection - Parsing relationship: /xl/_rels/workbook.xml.rels
23:06:30.950 [main] DEBUG org.apache.poi.openxml4j.opc.PackageRelationshipCollection - Parsing relationship: /_rels/.rels
23:06:30.966 [main] DEBUG org.apache.poi.openxml4j.opc.PackageRelationshipCollection - Parsing relationship: /xl/_rels/workbook.xml.rels
23:06:30.966 [main] DEBUG org.apache.poi.openxml4j.opc.PackageRelationshipCollection - Parsing relationship: /_rels/.rels
Retrieved User is : sammie.wunsch
HTTP/1.1 200 OK
Date: Fri, 05 Jul 2024 17:36:23 GMT
Content-Type: application/json
Transfer-Encoding: chunked
Connection: keep-alive
Access-Control-Allow-Origin: *
Access-Control-Allow-Methods: GET, POST, DELETE, PUT
Access-Control-Allow-Headers: Content-Type, api_key, Authorization
Server: Jetty(9.2.9.v20150224)

{
    "id": 85777802,
    "username": "sammie.wunsch",
    "firstName": "Ernie",
    "lastName": "Pacocha",
    "email": "hal.kozey@example.com",
    "password": "leg0uww0uxtd",
    "phone": "716-721-7184",
    "userStatus": 0
}
io.restassured.internal.ValidatableResponseImpl@4d4df0f4
]]></system-out>
  </testcase>
  <testcase name="test_getUsers[nolan.walter](2)" classname="api.test.DataDrivenTests" time="1.172">
    <system-out><![CDATA[Retrieved User is : nolan.walter
HTTP/1.1 200 OK
Date: Fri, 05 Jul 2024 17:36:25 GMT
Content-Type: application/json
Transfer-Encoding: chunked
Connection: keep-alive
Access-Control-Allow-Origin: *
Access-Control-Allow-Methods: GET, POST, DELETE, PUT
Access-Control-Allow-Headers: Content-Type, api_key, Authorization
Server: Jetty(9.2.9.v20150224)

{
    "id": 1046302571,
    "username": "nolan.walter",
    "firstName": "Lucas",
    "lastName": "West",
    "email": "leigh.purdy@example.com",
    "password": "xua7r61uge",
    "phone": "(286) 902-3070",
    "userStatus": 0
}
io.restassured.internal.ValidatableResponseImpl@12e5d3e1
]]></system-out>
  </testcase>
  <testcase name="test_getUsers[bernard.bahringer](3)" classname="api.test.DataDrivenTests" time="1.078">
    <system-out><![CDATA[Retrieved User is : bernard.bahringer
HTTP/1.1 200 OK
Date: Fri, 05 Jul 2024 17:36:26 GMT
Content-Type: application/json
Transfer-Encoding: chunked
Connection: keep-alive
Access-Control-Allow-Origin: *
Access-Control-Allow-Methods: GET, POST, DELETE, PUT
Access-Control-Allow-Headers: Content-Type, api_key, Authorization
Server: Jetty(9.2.9.v20150224)

{
    "id": 949637154,
    "username": "bernard.bahringer",
    "firstName": "Herma",
    "lastName": "Nitzsche",
    "email": "federico.ryan@example.com",
    "password": "75xz90qt106",
    "phone": "1-363-713-7752",
    "userStatus": 0
}
io.restassured.internal.ValidatableResponseImpl@46b6701e
]]></system-out>
  </testcase>
  <testcase name="test_deleteUsers[sammie.wunsch](1)" classname="api.test.DataDrivenTests" time="1.156">
    <system-out><![CDATA[23:06:34.404 [main] DEBUG org.apache.poi.openxml4j.opc.PackageRelationshipCollection - Parsing relationship: /xl/_rels/workbook.xml.rels
23:06:34.404 [main] DEBUG org.apache.poi.openxml4j.opc.PackageRelationshipCollection - Parsing relationship: /_rels/.rels
23:06:34.420 [main] DEBUG org.apache.poi.openxml4j.opc.PackageRelationshipCollection - Parsing relationship: /xl/_rels/workbook.xml.rels
23:06:34.420 [main] DEBUG org.apache.poi.openxml4j.opc.PackageRelationshipCollection - Parsing relationship: /_rels/.rels
23:06:34.435 [main] DEBUG org.apache.poi.openxml4j.opc.PackageRelationshipCollection - Parsing relationship: /xl/_rels/workbook.xml.rels
23:06:34.435 [main] DEBUG org.apache.poi.openxml4j.opc.PackageRelationshipCollection - Parsing relationship: /_rels/.rels
23:06:34.451 [main] DEBUG org.apache.poi.openxml4j.opc.PackageRelationshipCollection - Parsing relationship: /xl/_rels/workbook.xml.rels
23:06:34.451 [main] DEBUG org.apache.poi.openxml4j.opc.PackageRelationshipCollection - Parsing relationship: /_rels/.rels
Deleted User is : sammie.wunsch
HTTP/1.1 200 OK
Date: Fri, 05 Jul 2024 17:36:27 GMT
Content-Type: application/json
Transfer-Encoding: chunked
Connection: keep-alive
Access-Control-Allow-Origin: *
Access-Control-Allow-Methods: GET, POST, DELETE, PUT
Access-Control-Allow-Headers: Content-Type, api_key, Authorization
Server: Jetty(9.2.9.v20150224)

{
    "code": 200,
    "type": "unknown",
    "message": "sammie.wunsch"
}
io.restassured.internal.ValidatableResponseImpl@60a01cb
]]></system-out>
  </testcase>
  <testcase name="test_deleteUsers[nolan.walter](2)" classname="api.test.DataDrivenTests" time="1.109">
    <system-out><![CDATA[Deleted User is : nolan.walter
HTTP/1.1 200 OK
Date: Fri, 05 Jul 2024 17:36:28 GMT
Content-Type: application/json
Transfer-Encoding: chunked
Connection: keep-alive
Access-Control-Allow-Origin: *
Access-Control-Allow-Methods: GET, POST, DELETE, PUT
Access-Control-Allow-Headers: Content-Type, api_key, Authorization
Server: Jetty(9.2.9.v20150224)

{
    "code": 200,
    "type": "unknown",
    "message": "nolan.walter"
}
io.restassured.internal.ValidatableResponseImpl@33a47707
]]></system-out>
  </testcase>
  <testcase name="test_deleteUsers[bernard.bahringer](3)" classname="api.test.DataDrivenTests" time="1.158">
    <system-out><![CDATA[Deleted User is : bernard.bahringer
HTTP/1.1 200 OK
Date: Fri, 05 Jul 2024 17:36:29 GMT
Content-Type: application/json
Transfer-Encoding: chunked
Connection: keep-alive
Access-Control-Allow-Origin: *
Access-Control-Allow-Methods: GET, POST, DELETE, PUT
Access-Control-Allow-Headers: Content-Type, api_key, Authorization
Server: Jetty(9.2.9.v20150224)

{
    "code": 200,
    "type": "unknown",
    "message": "bernard.bahringer"
}
io.restassured.internal.ValidatableResponseImpl@790654d5
]]></system-out>
  </testcase>
  <testcase name="test_pet_post_url" classname="api.test.PetTests" time="1.188">
    <system-out><![CDATA[{
    "id": 359463456,
    "category": {
        "id": 5,
        "name": "Entlebucher"
    },
    "photoUrls": [
        
    ],
    "tags": [
        {
            "id": 1,
            "name": "cute"
        }
    ],
    "status": "available"
}
io.restassured.internal.ValidatableResponseImpl@3c9f4376
[{"name":"cute","id":1}]
1
Actual : 1 , Expected : 1
Actual : cute , Expected : cute
]]></system-out>
  </testcase>
  <testcase name="test_pet_get_url" classname="api.test.PetTests" time="1.141">
    <system-out><![CDATA[HTTP/1.1 200 OK
Date: Fri, 05 Jul 2024 17:36:32 GMT
Content-Type: application/json
Transfer-Encoding: chunked
Connection: keep-alive
Access-Control-Allow-Origin: *
Access-Control-Allow-Methods: GET, POST, DELETE, PUT
Access-Control-Allow-Headers: Content-Type, api_key, Authorization
Server: Jetty(9.2.9.v20150224)

{
    "id": 359463456,
    "category": {
        "id": 5,
        "name": "Entlebucher"
    },
    "photoUrls": [
        
    ],
    "tags": [
        {
            "id": 1,
            "name": "cute"
        }
    ],
    "status": "available"
}
io.restassured.internal.ValidatableResponseImpl@1de30c31
Actual : 359463456 , Expected : 359463456
]]></system-out>
  </testcase>
  <testcase name="test_pet_put_url" classname="api.test.PetTests" time="2.33">
    <system-out><![CDATA[HTTP/1.1 200 OK
Date: Fri, 05 Jul 2024 17:36:33 GMT
Content-Type: application/json
Transfer-Encoding: chunked
Connection: keep-alive
Access-Control-Allow-Origin: *
Access-Control-Allow-Methods: GET, POST, DELETE, PUT
Access-Control-Allow-Headers: Content-Type, api_key, Authorization
Server: Jetty(9.2.9.v20150224)

{
    "code": 200,
    "type": "unknown",
    "message": "359463456"
}
io.restassured.internal.ValidatableResponseImpl@2d38db6f
HTTP/1.1 200 OK
Date: Fri, 05 Jul 2024 17:36:34 GMT
Content-Type: application/json
Transfer-Encoding: chunked
Connection: keep-alive
Access-Control-Allow-Origin: *
Access-Control-Allow-Methods: GET, POST, DELETE, PUT
Access-Control-Allow-Headers: Content-Type, api_key, Authorization
Server: Jetty(9.2.9.v20150224)

{
    "id": 359463456,
    "category": {
        "id": 5,
        "name": "Entlebucher"
    },
    "name": "Romeo",
    "photoUrls": [
        
    ],
    "tags": [
        {
            "id": 1,
            "name": "cute"
        }
    ],
    "status": "pending"
}
io.restassured.internal.ValidatableResponseImpl@4348fa35
Actual : 359463456 , Expected : 359463456
Actual : Romeo , Expected : Romeo
Actual : pending , Expected : pending
]]></system-out>
  </testcase>
  <testcase name="test_pet_delete_url" classname="api.test.PetTests" time="1.142">
    <system-out><![CDATA[HTTP/1.1 200 OK
Date: Fri, 05 Jul 2024 17:36:35 GMT
Content-Type: application/json
Transfer-Encoding: chunked
Connection: keep-alive
Access-Control-Allow-Origin: *
Access-Control-Allow-Methods: GET, POST, DELETE, PUT
Access-Control-Allow-Headers: Content-Type, api_key, Authorization
Server: Jetty(9.2.9.v20150224)

{
    "code": 200,
    "type": "unknown",
    "message": "359463456"
}
io.restassured.internal.ValidatableResponseImpl@43423d40
]]></system-out>
  </testcase>
  <testcase name="testPostUser" classname="api.test.UserTests" time="1.094">
    <system-out><![CDATA[23:06:43.956 [main] DEBUG api.test.UserTests - Setup complete with user payload: api.payload.User@346a2799
23:06:43.956 [main] INFO  api.test.UserTests - Starting testPostUser
23:06:43.956 [main] DEBUG api.test.UserTests - Payload for creating user: api.payload.User@346a2799
23:06:45.050 [main] DEBUG api.test.UserTests - Response: {"code":200,"type":"unknown","message":"1605650788"}
HTTP/1.1 200 OK
Date: Fri, 05 Jul 2024 17:36:36 GMT
Content-Type: application/json
Transfer-Encoding: chunked
Connection: keep-alive
Access-Control-Allow-Origin: *
Access-Control-Allow-Methods: GET, POST, DELETE, PUT
Access-Control-Allow-Headers: Content-Type, api_key, Authorization
Server: Jetty(9.2.9.v20150224)

{
    "code": 200,
    "type": "unknown",
    "message": "1605650788"
}
23:06:45.050 [main] INFO  api.test.UserTests - User is created successfully
]]></system-out>
  </testcase>
  <testcase name="testGetUser" classname="api.test.UserTests" time="1.094">
    <system-out><![CDATA[23:06:45.050 [main] INFO  api.test.UserTests - Starting testGetUser
23:06:45.050 [main] DEBUG api.test.UserTests - Username for reading user info: autumn.zboncak
23:06:46.144 [main] DEBUG api.test.UserTests - Response: {"id":1605650788,"username":"autumn.zboncak","firstName":"Kenna","lastName":"Trantow","email":"britany.conn@example.com","password":"5no4g1fu","phone":"077-578-2739","userStatus":0}
HTTP/1.1 200 OK
Date: Fri, 05 Jul 2024 17:36:38 GMT
Content-Type: application/json
Transfer-Encoding: chunked
Connection: keep-alive
Access-Control-Allow-Origin: *
Access-Control-Allow-Methods: GET, POST, DELETE, PUT
Access-Control-Allow-Headers: Content-Type, api_key, Authorization
Server: Jetty(9.2.9.v20150224)

{
    "id": 1605650788,
    "username": "autumn.zboncak",
    "firstName": "Kenna",
    "lastName": "Trantow",
    "email": "britany.conn@example.com",
    "password": "5no4g1fu",
    "phone": "077-578-2739",
    "userStatus": 0
}
23:06:46.144 [main] INFO  api.test.UserTests - User info is displayed successfully
]]></system-out>
  </testcase>
  <testcase name="testUpdateUser" classname="api.test.UserTests" time="2.361">
    <system-out><![CDATA[23:06:46.144 [main] INFO  api.test.UserTests - Starting testUpdateUser
23:06:46.144 [main] DEBUG api.test.UserTests - Updated payload: api.payload.User@346a2799
23:06:47.349 [main] DEBUG api.test.UserTests - Response after update: {"code":200,"type":"unknown","message":"1605650788"}
HTTP/1.1 200 OK
Date: Fri, 05 Jul 2024 17:36:39 GMT
Content-Type: application/json
Transfer-Encoding: chunked
Connection: keep-alive
Access-Control-Allow-Origin: *
Access-Control-Allow-Methods: GET, POST, DELETE, PUT
Access-Control-Allow-Headers: Content-Type, api_key, Authorization
Server: Jetty(9.2.9.v20150224)

{
    "code": 200,
    "type": "unknown",
    "message": "1605650788"
}
23:06:48.505 [main] DEBUG api.test.UserTests - Response after reading updated user: {"id":1605650788,"username":"autumn.zboncak","firstName":"Lesley","lastName":"Steuber","email":"fritz.schroeder@example.com","password":"5no4g1fu","phone":"077-578-2739","userStatus":0}
HTTP/1.1 200 OK
Date: Fri, 05 Jul 2024 17:36:40 GMT
Content-Type: application/json
Transfer-Encoding: chunked
Connection: keep-alive
Access-Control-Allow-Origin: *
Access-Control-Allow-Methods: GET, POST, DELETE, PUT
Access-Control-Allow-Headers: Content-Type, api_key, Authorization
Server: Jetty(9.2.9.v20150224)

{
    "id": 1605650788,
    "username": "autumn.zboncak",
    "firstName": "Lesley",
    "lastName": "Steuber",
    "email": "fritz.schroeder@example.com",
    "password": "5no4g1fu",
    "phone": "077-578-2739",
    "userStatus": 0
}
23:06:48.505 [main] INFO  api.test.UserTests - User is updated successfully
]]></system-out>
  </testcase>
  <testcase name="testDeleteUser" classname="api.test.UserTests" time="1.113">
    <system-out><![CDATA[23:06:48.505 [main] INFO  api.test.UserTests - Starting testDeleteUser
23:06:48.505 [main] DEBUG api.test.UserTests - Username for deleting user: autumn.zboncak
23:06:49.618 [main] DEBUG api.test.UserTests - Response: {"code":200,"type":"unknown","message":"autumn.zboncak"}
HTTP/1.1 200 OK
Date: Fri, 05 Jul 2024 17:36:41 GMT
Content-Type: application/json
Transfer-Encoding: chunked
Connection: keep-alive
Access-Control-Allow-Origin: *
Access-Control-Allow-Methods: GET, POST, DELETE, PUT
Access-Control-Allow-Headers: Content-Type, api_key, Authorization
Server: Jetty(9.2.9.v20150224)

{
    "code": 200,
    "type": "unknown",
    "message": "autumn.zboncak"
}
23:06:49.618 [main] INFO  api.test.UserTests - User is deleted successfully
]]></system-out>
  </testcase>
</testsuite>