<?xml version="1.0" encoding="UTF-8"?>
<!-- Generated by org.testng.reporters.JUnitReportReporter -->
<testsuite hostname="LAPTOP-2EFVOM3E" failures="0" tests="9" name="api.test.DataDrivenTests" time="12.288" errors="0" timestamp="2024-07-03T22:19:54 IST" skipped="0">
  <testcase classname="api.test.DataDrivenTests" name="test_postUsers" time="3.152"/>
  <system-out/>
  <testcase classname="api.test.DataDrivenTests" name="test_postUsers" time="1.106"/>
  <system-out/>
  <testcase classname="api.test.DataDrivenTests" name="test_postUsers" time="1.160"/>
  <system-out/>
  <testcase classname="api.test.DataDrivenTests" name="test_getUsers" time="1.270"/>
  <system-out/>
  <testcase classname="api.test.DataDrivenTests" name="test_getUsers" time="1.061"/>
  <system-out/>
  <testcase classname="api.test.DataDrivenTests" name="test_getUsers" time="1.085"/>
  <system-out/>
  <testcase classname="api.test.DataDrivenTests" name="test_deleteUsers" time="1.186"/>
  <system-out/>
  <testcase classname="api.test.DataDrivenTests" name="test_deleteUsers" time="1.141"/>
  <system-out/>
  <testcase classname="api.test.DataDrivenTests" name="test_deleteUsers" time="1.127"/>
  <system-out/>
</testsuite> <!-- api.test.DataDrivenTests -->
