<?xml version="1.0" encoding="UTF-8"?>
<!-- Generated by org.testng.reporters.JUnitReportReporter -->
<testsuite hostname="LAPTOP-2EFVOM3E" failures="0" tests="4" name="api.test.UserTests" time="7.897" errors="0" timestamp="2024-07-03T23:09:19 IST" skipped="0">
  <testcase classname="api.test.UserTests" name="testPostUser" time="3.283"/>
  <system-out/>
  <testcase classname="api.test.UserTests" name="testGetUser" time="1.256"/>
  <system-out/>
  <testcase classname="api.test.UserTests" name="testUpdateUser" time="2.274"/>
  <system-out/>
  <testcase classname="api.test.UserTests" name="testDeleteUser" time="1.084"/>
  <system-out/>
</testsuite> <!-- api.test.UserTests -->
