<?xml version="1.0" encoding="UTF-8"?>
<!-- Generated by org.testng.reporters.JUnitReportReporter -->
<testsuite hostname="LAPTOP-2EFVOM3E" failures="0" tests="4" name="api.test.UserTests2" time="8.512" errors="0" timestamp="2024-07-04T21:20:02 IST" skipped="0">
  <testcase classname="api.test.UserTests2" name="testPostUser" time="2.949"/>
  <system-out/>
  <testcase classname="api.test.UserTests2" name="testGetUser" time="2.006"/>
  <system-out/>
  <testcase classname="api.test.UserTests2" name="testUpdateUser" time="2.400"/>
  <system-out/>
  <testcase classname="api.test.UserTests2" name="testDeleteUser" time="1.157"/>
  <system-out/>
</testsuite> <!-- api.test.UserTests2 -->
