<?xml version="1.0" encoding="UTF-8"?>
<!-- Generated by org.testng.reporters.JUnitReportReporter -->
<testsuite hostname="LAPTOP-2EFVOM3E" failures="0" tests="4" name="api.test.PetTests" time="8.165" errors="0" timestamp="2024-07-05T19:16:33 IST" skipped="0">
  <testcase classname="api.test.PetTests" name="test_pet_post_url" time="3.409"/>
  <system-out/>
  <testcase classname="api.test.PetTests" name="test_pet_get_url" time="1.216"/>
  <system-out/>
  <testcase classname="api.test.PetTests" name="test_pet_put_url" time="2.373"/>
  <system-out/>
  <testcase classname="api.test.PetTests" name="test_pet_delete_url" time="1.167"/>
  <system-out/>
</testsuite> <!-- api.test.PetTests -->
