<?xml version="1.0" encoding="UTF-8"?>
<!-- Generated by org.testng.reporters.JUnitReportReporter -->
<testsuite hostname="LAPTOP-2EFVOM3E" failures="0" tests="4" name="api.test.UserTests" time="5.800" errors="0" timestamp="2024-07-05T21:17:18 IST" skipped="0">
  <testcase classname="api.test.UserTests" name="testPostUser" time="1.161"/>
  <system-out/>
  <testcase classname="api.test.UserTests" name="testGetUser" time="1.174"/>
  <system-out/>
  <testcase classname="api.test.UserTests" name="testUpdateUser" time="2.291"/>
  <system-out/>
  <testcase classname="api.test.UserTests" name="testDeleteUser" time="1.174"/>
  <system-out/>
</testsuite> <!-- api.test.UserTests -->
