<?xml version="1.0" encoding="UTF-8"?>
<!-- Generated by org.testng.reporters.JUnitReportReporter -->
<testsuite hostname="LAPTOP-2EFVOM3E" failures="0" tests="4" name="api.test.UserTests" time="5.662" errors="0" timestamp="2024-07-05T23:06:50 IST" skipped="0">
  <testcase classname="api.test.UserTests" name="testPostUser" time="1.094"/>
  <system-out/>
  <testcase classname="api.test.UserTests" name="testGetUser" time="1.094"/>
  <system-out/>
  <testcase classname="api.test.UserTests" name="testUpdateUser" time="2.361"/>
  <system-out/>
  <testcase classname="api.test.UserTests" name="testDeleteUser" time="1.113"/>
  <system-out/>
</testsuite> <!-- api.test.UserTests -->
