<?xml version="1.0" encoding="UTF-8"?>
<!-- Generated by org.testng.reporters.JUnitReportReporter -->
<testsuite hostname="LAPTOP-2EFVOM3E" failures="0" tests="9" name="api.test.DataDrivenTests" time="17.144" errors="0" timestamp="2024-07-05T21:17:18 IST" skipped="0">
  <testcase classname="api.test.DataDrivenTests" name="test_postUsers" time="1.658"/>
  <system-out/>
  <testcase classname="api.test.DataDrivenTests" name="test_postUsers" time="6.788"/>
  <system-out/>
  <testcase classname="api.test.DataDrivenTests" name="test_postUsers" time="1.219"/>
  <system-out/>
  <testcase classname="api.test.DataDrivenTests" name="test_getUsers" time="1.235"/>
  <system-out/>
  <testcase classname="api.test.DataDrivenTests" name="test_getUsers" time="1.116"/>
  <system-out/>
  <testcase classname="api.test.DataDrivenTests" name="test_getUsers" time="1.397"/>
  <system-out/>
  <testcase classname="api.test.DataDrivenTests" name="test_deleteUsers" time="1.221"/>
  <system-out/>
  <testcase classname="api.test.DataDrivenTests" name="test_deleteUsers" time="1.364"/>
  <system-out/>
  <testcase classname="api.test.DataDrivenTests" name="test_deleteUsers" time="1.146"/>
  <system-out/>
</testsuite> <!-- api.test.DataDrivenTests -->
