<?xml version="1.0" encoding="UTF-8"?>
<!-- Generated by org.testng.reporters.JUnitReportReporter -->
<testsuite hostname="LAPTOP-2EFVOM3E" failures="0" tests="9" name="api.test.DataDrivenTests" time="13.720" errors="0" timestamp="2024-07-05T23:06:50 IST" skipped="0">
  <testcase classname="api.test.DataDrivenTests" name="test_postUsers" time="3.820"/>
  <system-out/>
  <testcase classname="api.test.DataDrivenTests" name="test_postUsers" time="1.960"/>
  <system-out/>
  <testcase classname="api.test.DataDrivenTests" name="test_postUsers" time="1.110"/>
  <system-out/>
  <testcase classname="api.test.DataDrivenTests" name="test_getUsers" time="1.079"/>
  <system-out/>
  <testcase classname="api.test.DataDrivenTests" name="test_getUsers" time="1.188"/>
  <system-out/>
  <testcase classname="api.test.DataDrivenTests" name="test_getUsers" time="1.140"/>
  <system-out/>
  <testcase classname="api.test.DataDrivenTests" name="test_deleteUsers" time="1.156"/>
  <system-out/>
  <testcase classname="api.test.DataDrivenTests" name="test_deleteUsers" time="1.173"/>
  <system-out/>
  <testcase classname="api.test.DataDrivenTests" name="test_deleteUsers" time="1.094"/>
  <system-out/>
</testsuite> <!-- api.test.DataDrivenTests -->
